2019-09-11 11:40:43.519309 (4890) main____ INFO    ----------------------------------------
2019-09-11 11:40:43.527474 (4890) main____ INFO    JasperGold version info
2019-09-11 11:40:43.527498 (4890) main____ INFO      tool      : JasperGold 2018.06
2019-09-11 11:40:43.527515 (4890) main____ INFO      version   : 2018.06p002 64 bits
2019-09-11 11:40:43.527529 (4890) main____ INFO      build date: 2018.08.27 18:04:53 PDT
2019-09-11 11:40:43.527539 (4890) main____ INFO    ----------------------------------------
2019-09-11 11:40:43.527546 (4890) main____ INFO    Runtime info:
2019-09-11 11:40:43.527557 (4890) main____ INFO      platform  : Linux 3.10.0-693.el7.x86_64 x86_64
2019-09-11 11:40:43.527570 (4890) main____ INFO      hostname  : ws0.lab317.kel.net
2019-09-11 11:40:43.527578 (4890) main____ INFO      pid       : 4890
2019-09-11 11:40:43.527587 (4890) main____ INFO      arguments : '-style' 'windows' 'do.tcl'
2019-09-11 11:40:43.527595 (4890) main____ INFO    ----------------------------------------
2019-09-11 11:40:43.527602 (4890) main____ INFO    System resource limits info:
2019-09-11 11:40:43.527611 (4890) main____ INFO      virtual memory: unlimited
2019-09-11 11:40:43.527621 (4890) main____ INFO      cpu time      : unlimited
2019-09-11 11:40:43.527646 (4890) main____ INFO      stack size    : 8388608 B
2019-09-11 11:40:43.527661 (4890) main____ INFO      core file size: 0 B
2019-09-11 11:40:43.527678 (4890) main____ INFO      open files    : 1024
2019-09-11 11:40:43.527689 (4890) main____ INFO      file size     : unlimited
2019-09-11 11:40:43.527697 (4890) main____ INFO    ----------------------------------------
2019-09-11 11:40:43.527704 (4890) main____ INFO    Memory statistics:
2019-09-11 11:40:43.527719 (4890) main____ INFO      total physical memory  : 10214092 kB
2019-09-11 11:40:43.527728 (4890) main____ INFO      free physical memory   : 7749796 kB
2019-09-11 11:40:43.527735 (4890) main____ INFO      committed address space: 4433336 kB
2019-09-11 11:40:43.527742 (4890) main____ INFO    ----------------------------------------
2019-09-11 11:40:43.527791 (4890) main____ INFO    Important environment variables:
2019-09-11 11:40:43.527809 (4890) main____ INFO      DISPLAY        : ':0'
2019-09-11 11:40:43.527822 (4890) main____ INFO      LM_LICENSE_FILE: '5280@cadresearch.kel.net'
2019-09-11 11:40:43.527831 (4890) main____ INFO    ----------------------------------------
2019-09-11 11:40:43.539275 (4890) lic_core INFO    Initializing license system ...
2019-09-11 11:40:43.585652 (4890) lic_core INFO    ... license system initialized.
2019-09-11 11:40:43.653625 (4890) lic__man INFO    Claim 'main' for <ui>.
2019-09-11 11:40:43.653709 (4890) lic_core INFO    (1) checking out 'jasper_interactive' ...
2019-09-11 11:40:43.683076 (4890) lic_core INFO    ... (1) checkout succeeded
2019-09-11 11:40:43.683201 (4890) lic__man INFO    Claim 'fpv' for <ui>.
2019-09-11 11:40:43.683251 (4890) lic_core INFO    (2) checking out 'jasper_fpv' ...
2019-09-11 11:40:43.702238 (4890) lic_core INFO    ... (2) checkout succeeded
2019-09-11 11:40:45.919295 (4890) lic__man INFO    Claim 'fpv' for <ui>.
2019-09-11 11:40:46.767468 (4890) lic__man INFO    Unclaim 'fpv' for <ui>.
2019-09-11 11:40:46.767513 (4890) lic__man INFO    Claim 'fpv' for <ui>.
2019-09-11 11:40:46.839400 (4890) session_ INFO    Starting analysis session with session id 'session_0' ...
2019-09-11 11:40:46.840980 (4890) session_ INFO    Analysis session with session id 'session_0' started (pid: 4914)
2019-09-11 11:40:59.205809 (4890) session_ INFO    Analysis session 'session_0' connected to the console (host: 10.1.220.170:36918)
2019-09-11 11:41:01.443967 (4890) lic__man INFO    Unclaim everything for 'session_0'.
2019-09-11 11:41:50.064237 (4890) lic__man INFO    Unclaim everything for 'session_0'.
2019-09-11 11:42:06.998487 (4890) lic__man INFO    Unclaim everything for 'session_0'.
2019-09-11 11:42:56.927369 (4890) lic__man INFO    Unclaim everything for 'session_0'.
2019-09-11 11:43:05.806553 (4890) lic__man INFO    Unclaim everything for 'session_0'.
2019-09-11 11:43:51.060939 (4890) lic__man INFO    Unclaim everything for 'session_0'.
2019-09-11 11:44:01.297177 (4890) lic__man INFO    Unclaim everything for 'session_0'.
2019-09-11 11:45:40.044154 (4890) lic__man INFO    Unclaim everything for 'session_0'.
2019-09-11 11:47:56.647445 (4890) lic__man INFO    Unclaim everything for 'session_0'.
2019-09-11 11:48:58.421688 (4890) lic__man INFO    Unclaim everything for 'session_0'.
2019-09-11 11:51:44.293640 (4890) lic__man INFO    Unclaim everything for 'session_0'.
2019-09-11 11:52:02.618829 (4890) lic__man INFO    Unclaim everything for 'session_0'.
2019-09-11 11:53:19.894145 (4890) lic__man INFO    Unclaim everything for 'session_0'.
2019-09-11 11:53:35.049464 (4890) lic__man INFO    Unclaim everything for 'session_0'.
2019-09-11 11:53:50.465665 (4890) lic__man INFO    Unclaim everything for 'session_0'.
2019-09-11 11:53:58.740364 (4890) lic__man INFO    Unclaim everything for 'session_0'.
2019-09-11 11:54:15.565073 (4890) lic__man INFO    Unclaim everything for 'session_0'.
2019-09-11 11:54:18.235912 (4890) lic__man INFO    Unclaim everything for 'session_0'.
2019-09-11 11:54:18.631607 (4890) lic__man INFO    Claim 'fpv' for 'session_0/prove-0'.
2019-09-11 11:54:20.896976 (4890) lic__man INFO    Unclaim everything for 'session_0/prove-0'.
2019-09-11 11:54:21.982759 (4890) lic__man INFO    Claim 'fpv' for 'session_0'.
2019-09-11 11:55:26.898523 (4890) lic__man INFO    Unclaim everything for 'session_0'.
2019-09-11 11:55:29.811365 (4890) lic__man INFO    Unclaim everything for 'session_0'.
2019-09-11 11:55:29.862453 (4890) lic__man INFO    Claim 'fpv' for 'session_0/prove-0'.
2019-09-11 11:55:31.710074 (4890) lic__man INFO    Unclaim everything for 'session_0/prove-0'.
2019-09-11 11:55:32.239020 (4890) lic__man INFO    Claim 'fpv' for 'session_0'.
2019-09-11 11:57:51.307141 (4890) lic__man INFO    Unclaim everything for 'session_0'.
2019-09-11 11:59:53.019236 (4890) lic__man INFO    Unclaim everything for 'session_0'.
2019-09-11 11:59:55.492196 (4890) lic__man INFO    Unclaim everything for 'session_0'.
2019-09-11 11:59:55.548167 (4890) lic__man INFO    Claim 'fpv' for 'session_0/prove-0'.
2019-09-11 11:59:57.423767 (4890) lic__man INFO    Unclaim everything for 'session_0/prove-0'.
2019-09-11 11:59:57.767664 (4890) lic__man INFO    Claim 'fpv' for 'session_0'.
2019-09-11 12:03:33.308883 (4890) lic__man INFO    Unclaim everything for 'session_0'.
2019-09-11 12:03:35.689323 (4890) lic__man INFO    Unclaim everything for 'session_0'.
2019-09-11 12:03:35.741882 (4890) lic__man INFO    Claim 'fpv' for 'session_0/prove-0'.
2019-09-11 12:03:37.662466 (4890) lic__man INFO    Unclaim everything for 'session_0/prove-0'.
2019-09-11 12:03:39.653426 (4890) lic__man INFO    Claim 'fpv' for 'session_0'.
2019-09-11 12:04:26.549106 (4890) lic__man INFO    Unclaim everything for 'session_0'.
2019-09-11 12:04:49.784007 (4890) lic__man INFO    Unclaim everything for 'session_0'.
2019-09-11 12:04:52.118568 (4890) lic__man INFO    Unclaim everything for 'session_0'.
2019-09-11 12:04:52.170260 (4890) lic__man INFO    Claim 'fpv' for 'session_0/prove-0'.
2019-09-11 12:04:53.919558 (4890) lic__man INFO    Unclaim everything for 'session_0/prove-0'.
2019-09-11 12:04:54.302030 (4890) lic__man INFO    Claim 'fpv' for 'session_0'.
2019-09-11 12:06:48.728333 (4890) lic__man INFO    Unclaim everything for 'session_0'.
2019-09-11 12:11:52.261681 (4890) lic__man INFO    Unclaim everything for 'session_0'.
2019-09-11 12:12:01.580295 (4890) lic__man INFO    Unclaim everything for 'session_0'.
2019-09-11 12:12:03.947568 (4890) lic__man INFO    Unclaim everything for 'session_0'.
2019-09-11 12:12:04.020806 (4890) lic__man INFO    Claim 'fpv' for 'session_0/prove-0'.
2019-09-11 12:12:05.800343 (4890) lic__man INFO    Unclaim everything for 'session_0/prove-0'.
2019-09-11 12:12:07.098747 (4890) lic__man INFO    Claim 'fpv' for 'session_0'.
2019-09-11 12:14:40.312035 (4890) lic__man INFO    Unclaim everything for 'session_0'.
2019-09-11 12:14:49.013742 (4890) lic__man INFO    Unclaim everything for 'session_0'.
2019-09-11 12:14:51.405487 (4890) lic__man INFO    Unclaim everything for 'session_0'.
2019-09-11 12:14:51.456854 (4890) lic__man INFO    Claim 'fpv' for 'session_0/prove-0'.
2019-09-11 12:14:53.234364 (4890) lic__man INFO    Unclaim everything for 'session_0/prove-0'.
2019-09-11 12:14:53.675011 (4890) lic__man INFO    Claim 'fpv' for 'session_0'.
2019-09-11 12:15:40.454989 (4890) lic__man INFO    Unclaim everything for 'session_0'.
2019-09-11 12:15:42.782326 (4890) lic__man INFO    Unclaim everything for 'session_0'.
2019-09-11 12:15:42.828338 (4890) lic__man INFO    Claim 'fpv' for 'session_0/prove-0'.
2019-09-11 12:15:44.790635 (4890) lic__man INFO    Unclaim everything for 'session_0/prove-0'.
2019-09-11 12:15:45.417270 (4890) lic__man INFO    Claim 'fpv' for 'session_0'.
2019-09-11 12:16:32.344222 (4890) lic__man INFO    Unclaim everything for 'session_0'.
2019-09-11 12:16:34.774750 (4890) lic__man INFO    Unclaim everything for 'session_0'.
2019-09-11 12:16:34.842656 (4890) lic__man INFO    Claim 'fpv' for 'session_0/prove-0'.
2019-09-11 12:16:37.025936 (4890) lic__man INFO    Unclaim everything for 'session_0/prove-0'.
2019-09-11 12:16:38.249520 (4890) lic__man INFO    Claim 'fpv' for 'session_0'.
2019-09-11 12:18:20.905735 (4890) lic__man INFO    Unclaim everything for 'session_0'.
2019-09-11 12:18:23.419049 (4890) lic__man INFO    Unclaim everything for 'session_0'.
2019-09-11 12:18:23.452829 (4890) lic__man INFO    Claim 'fpv' for 'session_0/prove-0'.
2019-09-11 12:18:25.242490 (4890) lic__man INFO    Unclaim everything for 'session_0/prove-0'.
2019-09-11 12:18:26.304496 (4890) lic__man INFO    Claim 'fpv' for 'session_0'.
2019-09-11 12:22:37.246856 (4890) lic__man INFO    Unclaim everything for 'session_0'.
2019-09-11 12:22:46.311197 (4890) lic__man INFO    Unclaim everything for 'session_0'.
2019-09-11 12:22:48.705543 (4890) lic__man INFO    Unclaim everything for 'session_0'.
2019-09-11 12:22:48.763018 (4890) lic__man INFO    Claim 'fpv' for 'session_0/prove-0'.
2019-09-11 12:22:50.745368 (4890) lic__man INFO    Unclaim everything for 'session_0/prove-0'.
2019-09-11 12:22:51.182740 (4890) lic__man INFO    Claim 'fpv' for 'session_0'.
2019-09-11 12:33:20.840553 (4890) lic__man INFO    Unclaim everything for 'session_0'.
2019-09-11 12:33:23.269975 (4890) lic__man INFO    Unclaim everything for 'session_0'.
2019-09-11 12:33:23.338792 (4890) lic__man INFO    Claim 'fpv' for 'session_0/prove-0'.
2019-09-11 12:33:25.284909 (4890) lic__man INFO    Unclaim everything for 'session_0/prove-0'.
2019-09-11 12:33:25.909040 (4890) lic__man INFO    Claim 'fpv' for 'session_0'.
2019-09-11 12:35:00.926255 (4890) lic__man INFO    Unclaim everything for 'session_0'.
2019-09-11 12:35:03.363493 (4890) lic__man INFO    Unclaim everything for 'session_0'.
2019-09-11 12:35:03.415039 (4890) lic__man INFO    Claim 'fpv' for 'session_0/prove-0'.
2019-09-11 12:35:05.241597 (4890) lic__man INFO    Unclaim everything for 'session_0/prove-0'.
2019-09-11 12:35:05.769993 (4890) lic__man INFO    Claim 'fpv' for 'session_0'.
2019-09-11 12:37:47.225159 (4890) lic__man INFO    Unclaim everything for 'session_0'.
2019-09-11 12:37:49.647486 (4890) lic__man INFO    Unclaim everything for 'session_0'.
2019-09-11 12:37:49.717695 (4890) lic__man INFO    Claim 'fpv' for 'session_0/prove-0'.
2019-09-11 12:37:51.667430 (4890) lic__man INFO    Unclaim everything for 'session_0/prove-0'.
2019-09-11 12:37:52.024676 (4890) lic__man INFO    Claim 'fpv' for 'session_0'.
2019-09-11 12:40:42.711372 (4890) lic__man INFO    Unclaim everything for 'session_0'.
2019-09-11 12:40:50.534027 (4890) lic__man INFO    Unclaim everything for 'session_0'.
2019-09-11 12:40:53.030498 (4890) lic__man INFO    Unclaim everything for 'session_0'.
2019-09-11 12:40:53.129312 (4890) lic__man INFO    Claim 'fpv' for 'session_0/prove-0'.
2019-09-11 12:40:54.921583 (4890) lic__man INFO    Unclaim everything for 'session_0/prove-0'.
2019-09-11 12:40:55.508391 (4890) lic__man INFO    Claim 'fpv' for 'session_0'.
2019-09-11 12:41:40.031033 (4890) lic__man INFO    Unclaim everything for 'session_0'.
2019-09-11 12:41:42.679962 (4890) lic__man INFO    Unclaim everything for 'session_0'.
2019-09-11 12:41:42.727347 (4890) lic__man INFO    Claim 'fpv' for 'session_0/prove-0'.
2019-09-11 12:41:44.662788 (4890) lic__man INFO    Unclaim everything for 'session_0/prove-0'.
2019-09-11 12:41:44.792323 (4890) lic__man INFO    Claim 'fpv' for 'session_0'.
2019-09-11 12:43:36.429036 (4890) lic__man INFO    Unclaim everything for 'session_0'.
2019-09-11 12:43:38.826337 (4890) lic__man INFO    Unclaim everything for 'session_0'.
2019-09-11 12:43:38.879210 (4890) lic__man INFO    Claim 'fpv' for 'session_0/prove-0'.
2019-09-11 12:43:40.701968 (4890) lic__man INFO    Unclaim everything for 'session_0/prove-0'.
2019-09-11 12:43:42.190959 (4890) lic__man INFO    Claim 'fpv' for 'session_0'.
2019-09-11 12:46:05.350775 (4890) lic__man INFO    Unclaim everything for 'session_0'.
2019-09-11 12:46:07.785494 (4890) lic__man INFO    Unclaim everything for 'session_0'.
2019-09-11 12:46:07.826661 (4890) lic__man INFO    Claim 'fpv' for 'session_0/prove-0'.
2019-09-11 12:46:10.233224 (4890) lic__man INFO    Unclaim everything for 'session_0/prove-0'.
2019-09-11 12:47:35.011280 (4890) lic__man INFO    Unclaim everything for 'session_0'.
2019-09-11 12:47:37.412101 (4890) lic__man INFO    Unclaim everything for 'session_0'.
2019-09-11 12:47:37.464733 (4890) lic__man INFO    Claim 'fpv' for 'session_0/prove-0'.
2019-09-11 12:47:39.310063 (4890) lic__man INFO    Unclaim everything for 'session_0/prove-0'.
2019-09-11 12:47:40.530392 (4890) lic__man INFO    Claim 'fpv' for 'session_0'.
2019-09-11 12:52:26.126790 (4890) lic__man INFO    Unclaim everything for 'session_0'.
2019-09-11 12:52:28.538372 (4890) lic__man INFO    Unclaim everything for 'session_0'.
2019-09-11 12:52:28.594992 (4890) lic__man INFO    Claim 'fpv' for 'session_0/prove-0'.
2019-09-11 12:52:30.433407 (4890) lic__man INFO    Unclaim everything for 'session_0/prove-0'.
2019-09-11 12:52:36.664951 (4890) lic__man INFO    Unclaim everything for 'session_0'.
2019-09-11 12:52:39.054849 (4890) lic__man INFO    Unclaim everything for 'session_0'.
2019-09-11 12:52:39.098609 (4890) lic__man INFO    Claim 'fpv' for 'session_0/prove-0'.
2019-09-11 12:52:41.402067 (4890) lic__man INFO    Unclaim everything for 'session_0/prove-0'.
2019-09-11 12:54:24.459829 (4890) lic__man INFO    Unclaim everything for 'session_0'.
2019-09-11 12:54:26.870508 (4890) lic__man INFO    Unclaim everything for 'session_0'.
2019-09-11 12:54:26.940709 (4890) lic__man INFO    Claim 'fpv' for 'session_0/prove-0'.
2019-09-11 12:54:28.752240 (4890) lic__man INFO    Unclaim everything for 'session_0/prove-0'.
2019-09-11 12:54:30.503400 (4890) lic__man INFO    Claim 'fpv' for 'session_0'.
2019-09-11 13:04:39.171815 (4890) lic__man INFO    Entering idle state.
2019-09-11 13:07:54.171912 (4890) lic__man INFO    Leaving idle state.
2019-09-11 13:21:08.067717 (4890) lic__man INFO    Unclaim everything for 'session_0'.
2019-09-11 13:21:10.457128 (4890) lic__man INFO    Unclaim everything for 'session_0'.
2019-09-11 13:21:10.511714 (4890) lic__man INFO    Claim 'fpv' for 'session_0/prove-0'.
2019-09-11 13:21:12.415458 (4890) lic__man INFO    Unclaim everything for 'session_0/prove-0'.
2019-09-11 13:21:13.152127 (4890) lic__man INFO    Claim 'fpv' for 'session_0'.
2019-09-11 13:25:35.519559 (4890) lic__man INFO    Unclaim everything for 'session_0'.
2019-09-11 13:25:38.283664 (4890) lic__man INFO    Unclaim everything for 'session_0'.
2019-09-11 13:25:38.333442 (4890) lic__man INFO    Claim 'fpv' for 'session_0/prove-0'.
2019-09-11 13:25:40.381909 (4890) lic__man INFO    Unclaim everything for 'session_0/prove-0'.
2019-09-11 13:25:41.623259 (4890) lic__man INFO    Claim 'fpv' for 'session_0'.
2019-09-11 13:27:36.884695 (4890) lic__man INFO    Unclaim everything for 'session_0'.
2019-09-11 13:27:39.282297 (4890) lic__man INFO    Unclaim everything for 'session_0'.
2019-09-11 13:27:39.337130 (4890) lic__man INFO    Claim 'fpv' for 'session_0/prove-0'.
2019-09-11 13:27:41.057426 (4890) lic__man INFO    Unclaim everything for 'session_0/prove-0'.
2019-09-11 13:27:41.949478 (4890) lic__man INFO    Claim 'fpv' for 'session_0'.
2019-09-11 13:31:10.210328 (4890) lic__man INFO    Unclaim everything for 'session_0'.
2019-09-11 13:31:12.664689 (4890) lic__man INFO    Unclaim everything for 'session_0'.
2019-09-11 13:31:12.714249 (4890) lic__man INFO    Claim 'fpv' for 'session_0/prove-0'.
2019-09-11 13:31:14.714581 (4890) lic__man INFO    Unclaim everything for 'session_0/prove-0'.
2019-09-11 13:31:15.611524 (4890) lic__man INFO    Claim 'fpv' for 'session_0'.
2019-09-11 13:38:41.325268 (4890) lic__man INFO    Unclaim everything for 'session_0'.
2019-09-11 13:38:51.049381 (4890) lic__man INFO    Unclaim everything for 'session_0'.
2019-09-11 13:39:05.255995 (4890) lic__man INFO    Unclaim everything for 'session_0'.
2019-09-11 13:39:07.699536 (4890) lic__man INFO    Unclaim everything for 'session_0'.
2019-09-11 13:39:07.769307 (4890) lic__man INFO    Claim 'fpv' for 'session_0/prove-0'.
2019-09-11 13:39:10.062601 (4890) lic__man INFO    Unclaim everything for 'session_0/prove-0'.
2019-09-11 13:44:26.333647 (4890) lic__man INFO    Unclaim everything for 'session_0'.
2019-09-11 13:44:29.665318 (4890) lic__man INFO    Unclaim everything for 'session_0'.
2019-09-11 13:44:29.714348 (4890) lic__man INFO    Claim 'fpv' for 'session_0/prove-0'.
2019-09-11 13:44:32.538135 (4890) lic__man INFO    Unclaim everything for 'session_0/prove-0'.
2019-09-11 13:44:47.574572 (4890) lic__man INFO    Claim 'fpv' for 'session_0'.
2019-09-11 13:49:32.906216 (4890) lic__man INFO    Unclaim everything for 'session_0'.
2019-09-11 13:49:35.302834 (4890) lic__man INFO    Unclaim everything for 'session_0'.
2019-09-11 13:49:35.355698 (4890) lic__man INFO    Claim 'fpv' for 'session_0/prove-0'.
2019-09-11 13:49:37.585791 (4890) lic__man INFO    Unclaim everything for 'session_0/prove-0'.
2019-09-11 13:49:38.604369 (4890) lic__man INFO    Claim 'fpv' for 'session_0'.
2019-09-11 13:51:08.285148 (4890) lic__man INFO    Unclaim everything for 'session_0'.
2019-09-11 13:51:10.736641 (4890) lic__man INFO    Unclaim everything for 'session_0'.
2019-09-11 13:51:10.765145 (4890) lic__man INFO    Claim 'fpv' for 'session_0/prove-0'.
2019-09-11 13:51:13.274422 (4890) lic__man INFO    Unclaim everything for 'session_0/prove-0'.
2019-09-11 13:59:13.273830 (4890) lic__man INFO    Entering idle state.
2019-09-11 14:08:21.113549 (4890) lic__man INFO    Leaving idle state.
2019-09-11 14:08:21.791537 (4890) lic__man INFO    Unclaim everything for 'session_0'.
2019-09-11 14:08:35.268647 (4890) lic__man INFO    Unclaim everything for 'session_0'.
2019-09-11 14:08:43.670049 (4890) lic__man INFO    Unclaim everything for 'session_0'.
2019-09-11 14:08:46.081165 (4890) lic__man INFO    Unclaim everything for 'session_0'.
2019-09-11 14:08:46.133696 (4890) lic__man INFO    Claim 'fpv' for 'session_0/prove-0'.
2019-09-11 14:08:48.059751 (4890) lic__man INFO    Unclaim everything for 'session_0/prove-0'.
2019-09-11 14:09:23.521322 (4890) lic__man INFO    Claim 'fpv' for 'session_0'.
2019-09-11 14:11:54.138890 (4890) lic__man INFO    Unclaim everything for 'session_0'.
2019-09-11 14:12:08.103602 (4890) lic__man INFO    Unclaim everything for 'session_0'.
2019-09-11 14:12:10.506964 (4890) lic__man INFO    Unclaim everything for 'session_0'.
2019-09-11 14:12:10.557133 (4890) lic__man INFO    Claim 'fpv' for 'session_0/prove-0'.
2019-09-11 14:12:12.353030 (4890) lic__man INFO    Unclaim everything for 'session_0/prove-0'.
2019-09-11 14:12:13.644005 (4890) lic__man INFO    Claim 'fpv' for 'session_0'.
2019-09-11 14:13:37.118601 (4890) lic__man INFO    Unclaim everything for 'session_0'.
2019-09-11 14:13:39.453282 (4890) lic__man INFO    Unclaim everything for 'session_0'.
2019-09-11 14:13:39.524488 (4890) lic__man INFO    Claim 'fpv' for 'session_0/prove-0'.
2019-09-11 14:13:42.007776 (4890) lic__man INFO    Unclaim everything for 'session_0/prove-0'.
2019-09-11 14:15:04.354591 (4890) lic__man INFO    Unclaim everything for 'session_0'.
2019-09-11 14:15:06.681804 (4890) lic__man INFO    Unclaim everything for 'session_0'.
2019-09-11 14:15:06.726330 (4890) lic__man INFO    Claim 'fpv' for 'session_0/prove-0'.
2019-09-11 14:15:08.787571 (4890) lic__man INFO    Unclaim everything for 'session_0/prove-0'.
2019-09-11 14:15:09.651025 (4890) lic__man INFO    Claim 'fpv' for 'session_0'.
2019-09-11 14:19:27.718518 (4890) lic__man INFO    Unclaim everything for 'session_0'.
2019-09-11 14:19:30.101093 (4890) lic__man INFO    Unclaim everything for 'session_0'.
2019-09-11 14:19:30.155241 (4890) lic__man INFO    Claim 'fpv' for 'session_0/prove-0'.
2019-09-11 14:19:32.645335 (4890) lic__man INFO    Unclaim everything for 'session_0/prove-0'.
2019-09-11 14:20:52.718962 (4890) lic__man INFO    Unclaim everything for 'session_0'.
2019-09-11 14:20:55.037338 (4890) lic__man INFO    Unclaim everything for 'session_0'.
2019-09-11 14:20:55.088266 (4890) lic__man INFO    Claim 'fpv' for 'session_0/prove-0'.
2019-09-11 14:20:57.567572 (4890) lic__man INFO    Unclaim everything for 'session_0/prove-0'.
2019-09-11 14:20:58.525236 (4890) lic__man INFO    Claim 'fpv' for 'session_0'.
2019-09-11 14:27:05.378859 (4890) lic__man INFO    Unclaim everything for 'session_0'.
2019-09-11 14:27:08.099339 (4890) lic__man INFO    Unclaim everything for 'session_0'.
2019-09-11 14:27:08.169415 (4890) lic__man INFO    Claim 'fpv' for 'session_0/prove-0'.
2019-09-11 14:27:10.677905 (4890) lic__man INFO    Unclaim everything for 'session_0/prove-0'.
2019-09-11 14:27:11.661731 (4890) lic__man INFO    Claim 'fpv' for 'session_0'.
2019-09-11 14:35:29.172019 (4890) lic__man INFO    Entering idle state.
2019-09-11 14:36:52.343561 (4890) lic__man INFO    Leaving idle state.
2019-09-11 14:36:52.847447 (4890) lic__man INFO    Unclaim everything for 'session_0'.
2019-09-11 14:37:26.333504 (4890) lic__man INFO    Unclaim everything for 'session_0'.
2019-09-11 14:38:00.299048 (4890) lic__man INFO    Unclaim everything for 'session_0'.
2019-09-11 14:38:02.793383 (4890) lic__man INFO    Unclaim everything for 'session_0'.
2019-09-11 14:38:02.848126 (4890) lic__man INFO    Claim 'fpv' for 'session_0/prove-0'.
2019-09-11 14:38:03.370855 (4890) lic__man INFO    Unclaim everything for 'session_0/prove-0'.
2019-09-11 14:39:04.603279 (4890) lic__man INFO    Unclaim everything for 'session_0'.
2019-09-11 14:39:07.059675 (4890) lic__man INFO    Unclaim everything for 'session_0'.
2019-09-11 14:39:07.108462 (4890) lic__man INFO    Claim 'fpv' for 'session_0/prove-0'.
2019-09-11 14:39:10.140463 (4890) lic__man INFO    Unclaim everything for 'session_0/prove-0'.
2019-09-11 14:40:29.455887 (4890) lic__man INFO    Unclaim everything for 'session_0'.
2019-09-11 14:40:31.931615 (4890) lic__man INFO    Unclaim everything for 'session_0'.
2019-09-11 14:40:31.996128 (4890) lic__man INFO    Claim 'fpv' for 'session_0/prove-0'.
2019-09-11 14:40:34.852678 (4890) lic__man INFO    Unclaim everything for 'session_0/prove-0'.
2019-09-11 14:45:48.605212 (4890) lic__man INFO    Unclaim everything for 'session_0'.
2019-09-11 14:45:51.413347 (4890) lic__man INFO    Unclaim everything for 'session_0'.
2019-09-11 14:45:51.469815 (4890) lic__man INFO    Claim 'fpv' for 'session_0/prove-0'.
2019-09-11 14:45:54.734705 (4890) lic__man INFO    Unclaim everything for 'session_0/prove-0'.
2019-09-11 14:45:58.806952 (4890) lic__man INFO    Claim 'fpv' for 'session_0'.
2019-09-11 14:47:26.073649 (4890) lic__man INFO    Unclaim everything for 'session_0'.
2019-09-11 14:47:28.571935 (4890) lic__man INFO    Unclaim everything for 'session_0'.
2019-09-11 14:47:28.602008 (4890) lic__man INFO    Claim 'fpv' for 'session_0/prove-0'.
2019-09-11 14:47:31.207979 (4890) lic__man INFO    Unclaim everything for 'session_0/prove-0'.
2019-09-11 14:55:31.207551 (4890) lic__man INFO    Entering idle state.
2019-09-11 14:57:02.070550 (4890) lic__man INFO    Leaving idle state.
2019-09-11 14:57:03.656528 (4890) lic__man INFO    Unclaim everything for 'session_0'.
2019-09-11 14:57:06.141943 (4890) lic__man INFO    Unclaim everything for 'session_0'.
2019-09-11 14:57:06.204969 (4890) lic__man INFO    Claim 'fpv' for 'session_0/prove-0'.
2019-09-11 14:57:09.095203 (4890) lic__man INFO    Unclaim everything for 'session_0/prove-0'.
2019-09-11 14:57:10.258109 (4890) lic__man INFO    Claim 'fpv' for 'session_0'.
2019-09-11 15:06:22.773576 (4890) lic__man INFO    Unclaim everything for 'session_0'.
2019-09-11 15:06:32.023943 (4890) lic__man INFO    Unclaim everything for 'session_0'.
2019-09-11 15:06:34.491924 (4890) lic__man INFO    Unclaim everything for 'session_0'.
2019-09-11 15:06:34.544633 (4890) lic__man INFO    Claim 'fpv' for 'session_0/prove-0'.
2019-09-11 15:06:36.973147 (4890) lic__man INFO    Unclaim everything for 'session_0/prove-0'.
2019-09-11 15:06:43.605172 (4890) lic__man INFO    Claim 'fpv' for 'session_0'.
2019-09-11 15:08:12.966992 (4890) lic__man INFO    Unclaim everything for 'session_0'.
2019-09-11 15:08:15.473609 (4890) lic__man INFO    Unclaim everything for 'session_0'.
2019-09-11 15:08:15.526366 (4890) lic__man INFO    Claim 'fpv' for 'session_0/prove-0'.
2019-09-11 15:08:18.392039 (4890) lic__man INFO    Unclaim everything for 'session_0/prove-0'.
2019-09-11 15:08:19.236472 (4890) lic__man INFO    Claim 'fpv' for 'session_0'.
2019-09-11 15:10:34.606777 (4890) lic__man INFO    Unclaim everything for 'session_0'.
2019-09-11 15:10:37.103242 (4890) lic__man INFO    Unclaim everything for 'session_0'.
2019-09-11 15:10:37.132968 (4890) lic__man INFO    Claim 'fpv' for 'session_0/prove-0'.
2019-09-11 15:10:39.466329 (4890) lic__man INFO    Unclaim everything for 'session_0/prove-0'.
2019-09-11 15:10:40.316076 (4890) lic__man INFO    Claim 'fpv' for 'session_0'.
2019-09-11 15:12:33.430178 (4890) lic__man INFO    Unclaim everything for 'session_0'.
2019-09-11 15:12:35.882385 (4890) lic__man INFO    Unclaim everything for 'session_0'.
2019-09-11 15:12:35.937376 (4890) lic__man INFO    Claim 'fpv' for 'session_0/prove-0'.
2019-09-11 15:12:38.517979 (4890) lic__man INFO    Unclaim everything for 'session_0/prove-0'.
2019-09-11 15:12:39.730850 (4890) lic__man INFO    Claim 'fpv' for 'session_0'.
2019-09-11 15:13:34.730959 (4890) lic__man INFO    Unclaim everything for 'session_0'.
2019-09-11 15:13:37.134664 (4890) lic__man INFO    Unclaim everything for 'session_0'.
2019-09-11 15:13:37.181243 (4890) lic__man INFO    Claim 'fpv' for 'session_0/prove-0'.
2019-09-11 15:13:39.526791 (4890) lic__man INFO    Unclaim everything for 'session_0/prove-0'.
2019-09-11 15:13:40.522394 (4890) lic__man INFO    Claim 'fpv' for 'session_0'.
2019-09-11 15:17:13.167273 (4890) lic__man INFO    Unclaim everything for 'session_0'.
2019-09-11 15:17:15.655516 (4890) lic__man INFO    Unclaim everything for 'session_0'.
2019-09-11 15:17:15.701048 (4890) lic__man INFO    Claim 'fpv' for 'session_0/prove-0'.
2019-09-11 15:17:18.893040 (4890) lic__man INFO    Unclaim everything for 'session_0/prove-0'.
2019-09-11 15:18:00.546334 (4890) lic__man INFO    Unclaim everything for 'session_0'.
2019-09-11 15:18:14.912587 (4890) lic__man INFO    Unclaim everything for 'session_0'.
2019-09-11 15:18:17.310404 (4890) lic__man INFO    Unclaim everything for 'session_0'.
2019-09-11 15:18:17.358436 (4890) lic__man INFO    Claim 'fpv' for 'session_0/prove-0'.
2019-09-11 15:18:20.090778 (4890) lic__man INFO    Unclaim everything for 'session_0/prove-0'.
2019-09-11 15:18:21.510209 (4890) lic__man INFO    Claim 'fpv' for 'session_0'.
2019-09-11 15:21:14.887011 (4890) lic__man INFO    Unclaim everything for 'session_0'.
2019-09-11 15:21:17.409154 (4890) lic__man INFO    Unclaim everything for 'session_0'.
2019-09-11 15:21:17.440819 (4890) lic__man INFO    Claim 'fpv' for 'session_0/prove-0'.
2019-09-11 15:21:20.752918 (4890) lic__man INFO    Unclaim everything for 'session_0/prove-0'.
2019-09-11 15:21:22.072014 (4890) lic__man INFO    Claim 'fpv' for 'session_0'.
2019-09-11 15:22:14.804875 (4890) lic__man INFO    Unclaim everything for 'session_0'.
2019-09-11 15:22:47.804603 (4890) lic__man INFO    Unclaim everything for 'session_0'.
2019-09-11 15:22:50.267752 (4890) lic__man INFO    Unclaim everything for 'session_0'.
2019-09-11 15:22:50.319465 (4890) lic__man INFO    Claim 'fpv' for 'session_0/prove-0'.
2019-09-11 15:22:53.108337 (4890) lic__man INFO    Unclaim everything for 'session_0/prove-0'.
2019-09-11 15:22:55.198658 (4890) lic__man INFO    Claim 'fpv' for 'session_0'.
2019-09-11 15:27:36.018522 (4890) lic__man INFO    Unclaim everything for 'session_0'.
2019-09-11 15:27:38.807417 (4890) lic__man INFO    Unclaim everything for 'session_0'.
2019-09-11 15:27:38.858543 (4890) lic__man INFO    Claim 'fpv' for 'session_0/prove-0'.
2019-09-11 15:27:42.254539 (4890) lic__man INFO    Unclaim everything for 'session_0/prove-0'.
2019-09-11 15:27:42.900707 (4890) lic__man INFO    Claim 'fpv' for 'session_0'.
2019-09-11 15:29:37.366888 (4890) lic__man INFO    Unclaim everything for 'session_0'.
2019-09-11 15:29:39.826318 (4890) lic__man INFO    Unclaim everything for 'session_0'.
2019-09-11 15:29:39.888504 (4890) lic__man INFO    Claim 'fpv' for 'session_0/prove-0'.
2019-09-11 15:29:42.976289 (4890) lic__man INFO    Unclaim everything for 'session_0/prove-0'.
2019-09-11 15:29:44.500625 (4890) lic__man INFO    Claim 'fpv' for 'session_0'.
2019-09-11 15:34:49.092474 (4890) lic__man INFO    Unclaim everything for 'session_0'.
2019-09-11 15:34:51.590213 (4890) lic__man INFO    Unclaim everything for 'session_0'.
2019-09-11 15:34:51.619678 (4890) lic__man INFO    Claim 'fpv' for 'session_0/prove-0'.
2019-09-11 15:34:54.982935 (4890) lic__man INFO    Unclaim everything for 'session_0/prove-0'.
2019-09-11 15:34:58.106785 (4890) lic__man INFO    Claim 'fpv' for 'session_0'.
2019-09-11 15:44:55.111308 (4890) lic__man INFO    Unclaim everything for 'session_0'.
2019-09-11 15:44:57.578792 (4890) lic__man INFO    Unclaim everything for 'session_0'.
2019-09-11 15:44:57.634372 (4890) lic__man INFO    Claim 'fpv' for 'session_0/prove-0'.
2019-09-11 15:45:00.583486 (4890) lic__man INFO    Unclaim everything for 'session_0/prove-0'.
2019-09-11 15:45:47.543531 (4890) lic__man INFO    Unclaim everything for 'session_0'.
2019-09-11 15:45:49.958530 (4890) lic__man INFO    Unclaim everything for 'session_0'.
2019-09-11 15:45:50.006927 (4890) lic__man INFO    Claim 'fpv' for 'session_0/prove-0'.
2019-09-11 15:45:53.453190 (4890) lic__man INFO    Unclaim everything for 'session_0/prove-0'.
2019-09-11 15:45:55.517227 (4890) lic__man INFO    Claim 'fpv' for 'session_0'.
2019-09-11 15:49:10.689732 (4890) lic__man INFO    Unclaim everything for 'session_0'.
2019-09-11 15:49:13.498484 (4890) lic__man INFO    Unclaim everything for 'session_0'.
2019-09-11 15:49:13.553632 (4890) lic__man INFO    Claim 'fpv' for 'session_0/prove-0'.
2019-09-11 15:49:16.194113 (4890) lic__man INFO    Unclaim everything for 'session_0/prove-0'.
2019-09-11 15:49:16.502003 (4890) lic__man INFO    Claim 'fpv' for 'session_0'.
2019-09-11 15:54:24.453949 (4890) lic__man INFO    Unclaim everything for 'session_0'.
2019-09-11 15:54:26.994979 (4890) lic__man INFO    Unclaim everything for 'session_0'.
2019-09-11 15:54:27.050833 (4890) lic__man INFO    Claim 'fpv' for 'session_0/prove-0'.
2019-09-11 15:54:29.945396 (4890) lic__man INFO    Unclaim everything for 'session_0/prove-0'.
2019-09-11 15:54:31.299013 (4890) lic__man INFO    Claim 'fpv' for 'session_0'.
2019-09-11 15:55:45.034680 (4890) lic__man INFO    Unclaim everything for 'session_0'.
2019-09-11 15:55:47.567054 (4890) lic__man INFO    Unclaim everything for 'session_0'.
2019-09-11 15:55:47.605732 (4890) lic__man INFO    Claim 'fpv' for 'session_0/prove-0'.
2019-09-11 15:55:50.362416 (4890) lic__man INFO    Unclaim everything for 'session_0/prove-0'.
2019-09-11 15:55:51.003147 (4890) lic__man INFO    Claim 'fpv' for 'session_0'.
2019-09-11 16:03:22.769265 (4890) lic__man INFO    Unclaim everything for 'session_0'.
2019-09-11 16:03:25.336301 (4890) lic__man INFO    Unclaim everything for 'session_0'.
2019-09-11 16:03:25.373783 (4890) lic__man INFO    Claim 'fpv' for 'session_0/prove-0'.
2019-09-11 16:03:28.341976 (4890) lic__man INFO    Unclaim everything for 'session_0/prove-0'.
2019-09-11 16:03:29.272111 (4890) lic__man INFO    Claim 'fpv' for 'session_0'.
2019-09-11 16:08:26.888033 (4890) lic__man INFO    Unclaim everything for 'session_0'.
2019-09-11 16:08:29.446875 (4890) lic__man INFO    Unclaim everything for 'session_0'.
2019-09-11 16:08:29.476734 (4890) lic__man INFO    Claim 'fpv' for 'session_0/prove-0'.
2019-09-11 16:08:32.549795 (4890) lic__man INFO    Unclaim everything for 'session_0/prove-0'.
2019-09-11 16:08:34.677885 (4890) lic__man INFO    Claim 'fpv' for 'session_0'.
2019-09-11 16:17:07.410632 (4890) lic__man INFO    Unclaim everything for 'session_0'.
2019-09-11 16:18:24.597581 (4890) lic__man INFO    Unclaim everything for 'session_0'.
2019-09-11 16:18:27.098981 (4890) lic__man INFO    Unclaim everything for 'session_0'.
2019-09-11 16:18:27.168803 (4890) lic__man INFO    Claim 'fpv' for 'session_0/prove-0'.
2019-09-11 16:18:30.115637 (4890) lic__man INFO    Unclaim everything for 'session_0/prove-0'.
2019-09-11 16:18:30.898136 (4890) lic__man INFO    Claim 'fpv' for 'session_0'.
2019-09-11 16:21:02.253276 (4890) lic__man INFO    Unclaim everything for 'session_0'.
2019-09-11 16:21:04.890135 (4890) lic__man INFO    Unclaim everything for 'session_0'.
2019-09-11 16:21:04.942064 (4890) lic__man INFO    Claim 'fpv' for 'session_0/prove-0'.
2019-09-11 16:21:07.819296 (4890) lic__man INFO    Unclaim everything for 'session_0/prove-0'.
2019-09-11 16:21:07.897571 (4890) lic__man INFO    Claim 'fpv' for 'session_0'.
2019-09-11 16:22:27.843612 (4890) main____ INFO    About to exit: requested from GUI
2019-09-11 16:22:28.225694 (4890) session_ INFO    Analysis session 'session_0' disconnected.
2019-09-11 16:22:28.239604 (4890) main____ INFO    Exiting with status 0.
